This is pdfTeX, Version 3.1415926-1.40.11 (TeX Live 2010) (format=pdflatex 2010.7.21)  15 OCT 2012 10:16
entering extended mode
 restricted \write18 enabled.
 %&-line parsing enabled.
**mcd601proj.tex
(./mcd601proj.tex
LaTeX2e <2009/09/24>
Babel <v3.8l> and hyphenation patterns for english, dumylang, nohyphenation, ge
rman-x-2009-06-19, ngerman-x-2009-06-19, ancientgreek, ibycus, arabic, armenian
, basque, bulgarian, catalan, pinyin, coptic, croatian, czech, danish, dutch, u
kenglish, usenglishmax, esperanto, estonian, farsi, finnish, french, galician, 
german, ngerman, swissgerman, monogreek, greek, hungarian, icelandic, assamese,
 bengali, gujarati, hindi, kannada, malayalam, marathi, oriya, panjabi, tamil, 
telugu, indonesian, interlingua, irish, italian, kurmanji, lao, latin, latvian,
 lithuanian, mongolian, mongolianlmc, bokmal, nynorsk, polish, portuguese, roma
nian, russian, sanskrit, serbian, slovak, slovenian, spanish, swedish, turkish,
 turkmen, ukrainian, uppersorbian, welsh, loaded.
(/usr/local/texlive/2010/texmf-dist/tex/latex/base/article.cls
Document Class: article 2007/10/19 v1.4h Standard LaTeX document class
(/usr/local/texlive/2010/texmf-dist/tex/latex/base/size12.clo
File: size12.clo 2007/10/19 v1.4h Standard LaTeX file (size option)
)
\c@part=\count79
\c@section=\count80
\c@subsection=\count81
\c@subsubsection=\count82
\c@paragraph=\count83
\c@subparagraph=\count84
\c@figure=\count85
\c@table=\count86
\abovecaptionskip=\skip41
\belowcaptionskip=\skip42
\bibindent=\dimen102
)
(/usr/local/texlive/2010/texmf-dist/tex/latex/url/url.sty
\Urlmuskip=\muskip10
Package: url 2006/04/12  ver 3.3  Verb mode for urls, etc.
)
(/usr/local/texlive/2010/texmf-dist/tex/latex/graphics/graphicx.sty
Package: graphicx 1999/02/16 v1.0f Enhanced LaTeX Graphics (DPC,SPQR)

(/usr/local/texlive/2010/texmf-dist/tex/latex/graphics/keyval.sty
Package: keyval 1999/03/16 v1.13 key=value parser (DPC)
\KV@toks@=\toks14
)
(/usr/local/texlive/2010/texmf-dist/tex/latex/graphics/graphics.sty
Package: graphics 2009/02/05 v1.0o Standard LaTeX Graphics (DPC,SPQR)

(/usr/local/texlive/2010/texmf-dist/tex/latex/graphics/trig.sty
Package: trig 1999/03/16 v1.09 sin cos tan (DPC)
)
(/usr/local/texlive/2010/texmf-dist/tex/latex/latexconfig/graphics.cfg
File: graphics.cfg 2010/04/23 v1.9 graphics configuration of TeX Live
)
Package graphics Info: Driver file: pdftex.def on input line 91.

(/usr/local/texlive/2010/texmf-dist/tex/latex/pdftex-def/pdftex.def
File: pdftex.def 2010/02/14 v0.04n Graphics/color for pdfTeX
\Gread@gobject=\count87
))
\Gin@req@height=\dimen103
\Gin@req@width=\dimen104
)
(/usr/local/texlive/2010/texmf-dist/tex/latex/tools/tabularx.sty
Package: tabularx 1999/01/07 v2.07 `tabularx' package (DPC)

(/usr/local/texlive/2010/texmf-dist/tex/latex/tools/array.sty
Package: array 2008/09/09 v2.4c Tabular extension package (FMi)
\col@sep=\dimen105
\extrarowheight=\dimen106
\NC@list=\toks15
\extratabsurround=\skip43
\backup@length=\skip44
)
\TX@col@width=\dimen107
\TX@old@table=\dimen108
\TX@old@col=\dimen109
\TX@target=\dimen110
\TX@delta=\dimen111
\TX@cols=\count88
\TX@ftn=\toks16
)
(/usr/local/texlive/2010/texmf-dist/tex/latex/geometry/geometry.sty
Package: geometry 2010/07/13 v5.5 Page Geometry

(/usr/local/texlive/2010/texmf-dist/tex/generic/oberdiek/ifpdf.sty
Package: ifpdf 2010/01/28 v2.1 Provides the ifpdf switch (HO)
Package ifpdf Info: pdfTeX in pdf mode detected.
)
(/usr/local/texlive/2010/texmf-dist/tex/generic/oberdiek/ifvtex.sty
Package: ifvtex 2010/03/01 v1.5 Switches for detecting VTeX and its modes (HO)
Package ifvtex Info: VTeX not detected.
)
\Gm@cnth=\count89
\Gm@cntv=\count90
\c@Gm@tempcnt=\count91
\Gm@bindingoffset=\dimen112
\Gm@wd@mp=\dimen113
\Gm@odd@mp=\dimen114
\Gm@even@mp=\dimen115
\Gm@layoutwidth=\dimen116
\Gm@layoutheight=\dimen117
\Gm@layouthoffset=\dimen118
\Gm@layoutvoffset=\dimen119
\Gm@dimlist=\toks17
)
(/usr/local/texlive/2010/texmf-dist/tex/latex/setspace/setspace.sty
Package: setspace 2000/12/01 6.7 Contributed and Supported LaTeX2e package

Package: `setspace' 6.7 <2000/12/01>
) (/usr/local/texlive/2010/texmf-dist/tex/latex/rotating/rotating.sty
Package: rotating 2009/03/28 v2.16a rotated objects in LaTeX

(/usr/local/texlive/2010/texmf-dist/tex/latex/base/ifthen.sty
Package: ifthen 2001/05/26 v1.1c Standard LaTeX ifthen package (DPC)
)
\c@r@tfl@t=\count92
\rotFPtop=\skip45
\rotFPbot=\skip46
\rot@float@box=\box26
\rot@mess@toks=\toks18
)
(/usr/local/texlive/2010/texmf-dist/tex/latex/amsmath/amsmath.sty
Package: amsmath 2000/07/18 v2.13 AMS math features
\@mathmargin=\skip47

For additional information on amsmath, use the `?' option.
(/usr/local/texlive/2010/texmf-dist/tex/latex/amsmath/amstext.sty
Package: amstext 2000/06/29 v2.01

(/usr/local/texlive/2010/texmf-dist/tex/latex/amsmath/amsgen.sty
File: amsgen.sty 1999/11/30 v2.0
\@emptytoks=\toks19
\ex@=\dimen120
))
(/usr/local/texlive/2010/texmf-dist/tex/latex/amsmath/amsbsy.sty
Package: amsbsy 1999/11/29 v1.2d
\pmbraise@=\dimen121
)
(/usr/local/texlive/2010/texmf-dist/tex/latex/amsmath/amsopn.sty
Package: amsopn 1999/12/14 v2.01 operator names
)
\inf@bad=\count93
LaTeX Info: Redefining \frac on input line 211.
\uproot@=\count94
\leftroot@=\count95
LaTeX Info: Redefining \overline on input line 307.
\classnum@=\count96
\DOTSCASE@=\count97
LaTeX Info: Redefining \ldots on input line 379.
LaTeX Info: Redefining \dots on input line 382.
LaTeX Info: Redefining \cdots on input line 467.
\Mathstrutbox@=\box27
\strutbox@=\box28
\big@size=\dimen122
LaTeX Font Info:    Redeclaring font encoding OML on input line 567.
LaTeX Font Info:    Redeclaring font encoding OMS on input line 568.
\macc@depth=\count98
\c@MaxMatrixCols=\count99
\dotsspace@=\muskip11
\c@parentequation=\count100
\dspbrk@lvl=\count101
\tag@help=\toks20
\row@=\count102
\column@=\count103
\maxfields@=\count104
\andhelp@=\toks21
\eqnshift@=\dimen123
\alignsep@=\dimen124
\tagshift@=\dimen125
\tagwidth@=\dimen126
\totwidth@=\dimen127
\lineht@=\dimen128
\@envbody=\toks22
\multlinegap=\skip48
\multlinetaggap=\skip49
\mathdisplay@stack=\toks23
LaTeX Info: Redefining \[ on input line 2666.
LaTeX Info: Redefining \] on input line 2667.
)
(/usr/local/texlive/2010/texmf-dist/tex/latex/amsfonts/amssymb.sty
Package: amssymb 2009/06/22 v3.00

(/usr/local/texlive/2010/texmf-dist/tex/latex/amsfonts/amsfonts.sty
Package: amsfonts 2009/06/22 v3.00 Basic AMSFonts support
\symAMSa=\mathgroup4
\symAMSb=\mathgroup5
LaTeX Font Info:    Overwriting math alphabet `\mathfrak' in version `bold'
(Font)                  U/euf/m/n --> U/euf/b/n on input line 96.
))
(/usr/local/texlive/2010/texmf-dist/tex/latex/tools/verbatim.sty
Package: verbatim 2003/08/22 v1.5q LaTeX2e package for verbatim enhancements
\every@verbatim=\toks24
\verbatim@line=\toks25
\verbatim@in@stream=\read1
)
(/usr/local/texlive/2010/texmf-dist/tex/latex/listings/listings.sty
\lst@mode=\count105
\lst@gtempboxa=\box29
\lst@token=\toks26
\lst@length=\count106
\lst@currlwidth=\dimen129
\lst@column=\count107
\lst@pos=\count108
\lst@lostspace=\dimen130
\lst@width=\dimen131
\lst@newlines=\count109
\lst@lineno=\count110
\lst@maxwidth=\dimen132

(/usr/local/texlive/2010/texmf-dist/tex/latex/listings/lstmisc.sty
File: lstmisc.sty 2007/02/22 1.4 (Carsten Heinz)
\c@lstnumber=\count111
\lst@skipnumbers=\count112
\lst@framebox=\box30
)
(/usr/local/texlive/2010/texmf-dist/tex/latex/listings/listings.cfg
File: listings.cfg 2007/02/22 1.4 listings configuration
))
Package: listings 2007/02/22 1.4 (Carsten Heinz)

(/usr/local/texlive/2010/texmf-dist/tex/latex/placeins/placeins.sty
Package: placeins 2005/04/18  v 2.2
)
(/usr/local/texlive/2010/texmf-dist/tex/latex/booktabs/booktabs.sty
Package: booktabs 2005/04/14 v1.61803 publication quality tables
\heavyrulewidth=\dimen133
\lightrulewidth=\dimen134
\cmidrulewidth=\dimen135
\belowrulesep=\dimen136
\belowbottomsep=\dimen137
\aboverulesep=\dimen138
\abovetopsep=\dimen139
\cmidrulesep=\dimen140
\cmidrulekern=\dimen141
\defaultaddspace=\dimen142
\@cmidla=\count113
\@cmidlb=\count114
\@aboverulesep=\dimen143
\@belowrulesep=\dimen144
\@thisruleclass=\count115
\@lastruleclass=\count116
\@thisrulewidth=\dimen145
)
(/usr/local/texlive/2010/texmf-dist/tex/latex/tools/multicol.sty
Package: multicol 2008/12/05 v1.6h multicolumn formatting (FMi)
\c@tracingmulticols=\count117
\mult@box=\box31
\multicol@leftmargin=\dimen146
\c@unbalance=\count118
\c@collectmore=\count119
\doublecol@number=\count120
\multicoltolerance=\count121
\multicolpretolerance=\count122
\full@width=\dimen147
\page@free=\dimen148
\premulticols=\dimen149
\postmulticols=\dimen150
\multicolsep=\skip50
\multicolbaselineskip=\skip51
\partial@page=\box32
\last@line=\box33
\mult@rightbox=\box34
\mult@grightbox=\box35
\mult@gfirstbox=\box36
\mult@firstbox=\box37
\@tempa=\box38
\@tempa=\box39
\@tempa=\box40
\@tempa=\box41
\@tempa=\box42
\@tempa=\box43
\@tempa=\box44
\@tempa=\box45
\@tempa=\box46
\@tempa=\box47
\@tempa=\box48
\@tempa=\box49
\@tempa=\box50
\@tempa=\box51
\@tempa=\box52
\@tempa=\box53
\@tempa=\box54
\c@columnbadness=\count123
\c@finalcolumnbadness=\count124
\last@try=\dimen151
\multicolovershoot=\dimen152
\multicolundershoot=\dimen153
\mult@nat@firstbox=\box55
\colbreak@box=\box56
)
(/usr/local/texlive/2010/texmf-dist/tex/latex/multirow/multirow.sty
\bigstrutjot=\dimen154
)
(/usr/local/texlive/2010/texmf-dist/tex/latex/tools/longtable.sty
Package: longtable 2004/02/01 v4.11 Multi-page Table package (DPC)
\LTleft=\skip52
\LTright=\skip53
\LTpre=\skip54
\LTpost=\skip55
\LTchunksize=\count125
\LTcapwidth=\dimen155
\LT@head=\box57
\LT@firsthead=\box58
\LT@foot=\box59
\LT@lastfoot=\box60
\LT@cols=\count126
\LT@rows=\count127
\c@LT@tables=\count128
\c@LT@chunks=\count129
\LT@p@ftn=\toks27
)
(/usr/local/texlive/2010/texmf-dist/tex/latex/siunitx/siunitx.sty
(/usr/local/texlive/2010/texmf-dist/tex/latex/expl3/expl3.sty
(/usr/local/texlive/2010/texmf-dist/tex/latex/expl3/l3names.sty
Package: l3names 2010/07/11 v1981 L3 Experimental Naming Scheme for TeX Primiti
ves
)
Package: expl3 2010/07/13 v1982 L3 Experimental code bundle wrapper

(/usr/local/texlive/2010/texmf-dist/tex/latex/etex-pkg/etex.sty
Package: etex 1998/03/26 v2.0 eTeX basic definition package (PEB)
\et@xins=\count130
)
(/usr/local/texlive/2010/texmf-dist/tex/latex/expl3/l3basics.sty
Package: l3basics 2010/06/07 v1942 L3 Experimental basic definitions
)
(/usr/local/texlive/2010/texmf-dist/tex/latex/expl3/l3expan.sty
Package: l3expan 2010/06/10 v1948 L3 Experimental Argument Expansion module
)
(/usr/local/texlive/2010/texmf-dist/tex/latex/expl3/l3tl.sty
Package: l3tl 2010/05/22 v1919 L3 Experimental Token Lists
)
(/usr/local/texlive/2010/texmf-dist/tex/latex/expl3/l3intexpr.sty
Package: l3intexpr 2010/06/15 v1957 L3 Integer Expressions
)
(/usr/local/texlive/2010/texmf-dist/tex/latex/expl3/l3quark.sty
Package: l3quark 2010/03/21 v1853 L3 Experimental Quark Commands
)
(/usr/local/texlive/2010/texmf-dist/tex/latex/expl3/l3seq.sty
Package: l3seq 2010/03/29 v1879 L3 Experimental sequences and stacks
)
(/usr/local/texlive/2010/texmf-dist/tex/latex/expl3/l3toks.sty
Package: l3toks 2010/05/25 v1933 L3 Experimental Token Registers
\l_tmpb_toks=\toks28
\l_tmpc_toks=\toks29
\g_tmpa_toks=\toks30
\g_tmpb_toks=\toks31
\g_tmpc_toks=\toks32
\c_empty_toks=\toks33
\l_tl_replace_toks=\toks34
)
(/usr/local/texlive/2010/texmf-dist/tex/latex/expl3/l3int.sty
Package: l3int 2010/05/25 v1933 L3 Experimental Integer module
\l_tmpa_int=\count131
\l_tmpb_int=\count132
\l_tmpc_int=\count133
\g_tmpa_int=\count134
\g_tmpb_int=\count135
\c_max_int=\count136
\g_tl_inline_level_int=\count137
)
(/usr/local/texlive/2010/texmf-dist/tex/latex/expl3/l3prg.sty
Package: l3prg 2010/03/21 v1853 L3 Experimental control structures
\g_prg_inline_level_int=\count138
)
(/usr/local/texlive/2010/texmf-dist/tex/latex/expl3/l3clist.sty
Package: l3clist 2010/03/29 v1878 L3 Experimental comma separated lists
\g_clist_inline_level_int=\count139
)
(/usr/local/texlive/2010/texmf-dist/tex/latex/expl3/l3token.sty
Package: l3token 2010/04/11 v1890 L3 Experimental token investigation and manip
ulation
)
(/usr/local/texlive/2010/texmf-dist/tex/latex/expl3/l3prop.sty
Package: l3prop 2010/03/21 v1857 L3 Experimental Property Lists
\g_prop_inline_level_int=\count140
)
(/usr/local/texlive/2010/texmf-dist/tex/latex/expl3/l3msg.sty
Package: l3msg 2010/03/23 v1866 L3 Experimental LaTeX Messages module
\l_msg_redirect_classes_prop=\toks35
\l_msg_redirect_names_prop=\toks36
\l_msg_redirect_fatal_prop=\toks37
\l_msg_redirect_error_prop=\toks38
\l_msg_redirect_warning_prop=\toks39
\l_msg_redirect_info_prop=\toks40
\l_msg_redirect_log_prop=\toks41
\l_msg_redirect_trace_prop=\toks42
\l_msg_redirect_none_prop=\toks43
)
(/usr/local/texlive/2010/texmf-dist/tex/latex/expl3/l3io.sty
Package: l3io 2010/05/22 v1923 L3 Experimental i/o module
\g_iow_streams_prop=\toks44
\g_ior_streams_prop=\toks45
\l_iow_stream_int=\count141
)
(/usr/local/texlive/2010/texmf-dist/tex/latex/expl3/l3skip.sty
Package: l3skip 2010/05/25 v1933 L3 Experimental skip registers
\l_tmpa_skip=\skip56
\l_tmpb_skip=\skip57
\l_tmpc_skip=\skip58
\g_tmpa_skip=\skip59
\g_tmpb_skip=\skip60
\l_tmpa_dim=\dimen156
\l_tmpb_dim=\dimen157
\l_tmpc_dim=\dimen158
\l_tmpd_dim=\dimen159
\g_tmpa_dim=\dimen160
\g_tmpb_dim=\dimen161
)
(/usr/local/texlive/2010/texmf-dist/tex/latex/expl3/l3box.sty
Package: l3box 2010/05/22 v1919 L3 Experimental Box module
\l_tmpb_box=\box61
)
(/usr/local/texlive/2010/texmf-dist/tex/latex/expl3/l3keyval.sty
Package: l3keyval 2010/04/11 v1890 L3 Experimental keyval processing
\l_KV_level_int=\count142
)
(/usr/local/texlive/2010/texmf-dist/tex/latex/expl3/l3keys.sty
Package: l3keys 2010/05/24 v1931 L3 Experimental key-value support
\l_keys_choice_int=\count143
)
(/usr/local/texlive/2010/texmf-dist/tex/latex/expl3/l3precom.sty
Package: l3precom 2010/02/09 v1793 L3 Experimental precompilation module
\g_gen_sym_int=\count144
\g_ggen_sym_int=\count145
)
(/usr/local/texlive/2010/texmf-dist/tex/latex/expl3/l3xref.sty
Package: l3xref 2010/02/09 v1786 L3 Experimental cross referencing
\g_xref_all_curr_immediate_fields_prop=\toks46
\g_xref_all_curr_deferred_fields_prop=\toks47
)
(/usr/local/texlive/2010/texmf-dist/tex/latex/expl3/l3file.sty
Package: l3file 2010/03/21 v1853 L3 Experimental file loading
)
(/usr/local/texlive/2010/texmf-dist/tex/latex/expl3/l3fp.sty
Package: l3fp 2010/07/08 v1979 L3 Experimental floating-point operations
\l_fp_input_a_integer_int=\count146
\l_fp_input_a_decimal_int=\count147
\l_fp_input_b_integer_int=\count148
\l_fp_input_b_decimal_int=\count149
\l_fp_input_a_sign_int=\count150
\l_fp_input_b_sign_int=\count151
\l_fp_split_sign_int=\count152
\l_fp_mul_a_i_int=\count153
\l_fp_mul_a_ii_int=\count154
\l_fp_mul_a_iii_int=\count155
\l_fp_mul_a_iv_int=\count156
\l_fp_mul_a_v_int=\count157
\l_fp_mul_a_vi_int=\count158
\l_fp_mul_b_i_int=\count159
\l_fp_mul_b_ii_int=\count160
\l_fp_mul_b_iii_int=\count161
\l_fp_mul_b_iv_int=\count162
\l_fp_mul_b_v_int=\count163
\l_fp_mul_b_vi_int=\count164
\l_fp_mul_output_int=\count165
\l_fp_div_count_int=\count166
\l_fp_div_offset_int=\count167
\l_fp_output_sign_int=\count168
\l_fp_output_integer_int=\count169
\l_fp_output_decimal_int=\count170
\l_fp_round_discard_int=\count171
\l_fp_round_position_int=\count172
\l_fp_tmp_int=\count173
\c_one_hundred_million=\count174
\c_one_thousand_million=\count175
\l_fp_tmp_dim=\dimen162
\l_fp_round_precision_int=\count176
)
(/usr/local/texlive/2010/texmf-dist/tex/latex/tools/calc.sty
Package: calc 2007/08/22 v4.3 Infix arithmetic (KKT,FJ)
\calc@Acount=\count177
\calc@Bcount=\count178
\calc@Adimen=\dimen163
\calc@Bdimen=\dimen164
\calc@Askip=\skip61
\calc@Bskip=\skip62
LaTeX Info: Redefining \setlength on input line 76.
LaTeX Info: Redefining \addtolength on input line 77.
\calc@Ccount=\count179
\calc@Cskip=\skip63
))
Package: siunitx 2010/07/15 v2.0n A comprehensive (SI) units package

(/usr/local/texlive/2010/texmf-dist/tex/latex/xpackages/xtras/l3keys2e.sty
Package: l3keys2e 2009/08/24 v1494 Parsing LaTeX3 keyvals as LaTeX2e package op
tions

(/usr/local/texlive/2010/texmf-dist/tex/latex/xpackages/xbase/xparse.sty
Package: xparse 2010/05/23 v1927 Generic document command parser
\c_xparse_shorthands_prop=\toks48
\l_xparse_m_args_int=\count180
\l_xparse_mandatory_args_int=\count181
\l_xparse_processor_int=\count182
\l_xparse_total_args_int=\count183
)
 LaTeX Info: Defining document command \ProcessKeysOptions
(LaTeX)  with arg. spec. 'm' on line 116.

 LaTeX Info: Defining document command \ProcessKeysPackageOptions
(LaTeX)  with arg. spec. 'm' on line 120.

)
\l_siunitx_tmp_box=\box62
\l_siunitx_tmp_int=\count184
\l_siunitx_number_in_prop=\toks49
\l_siunitx_round_int=\count185
\l_siunitx_process_decimal_int=\count186
\l_siunitx_process_uncertainty_int=\count187
\l_siunitx_process_precision_int=\count188
\l_siunitx_number_out_prop=\toks50
\l_siunitx_angle_marker_box=\box63
\l_siunitx_angle_unit_box=\box64
\l_siunitx_angle_marker_dim=\dimen165
\l_siunitx_angle_unit_dim=\dimen166
\l_siunitx_angle_degree_prop=\toks51
\l_siunitx_angle_minute_prop=\toks52
\l_siunitx_angle_second_prop=\toks53
\l_siunitx_unit_int=\count189
\l_siunitx_unit_prop=\toks54
\l_siunitx_unit_denominator_int=\count190
\l_siunitx_unit_numerator_int=\count191
\l_siunitx_unit_prefix_int=\count192
\l_siunitx_unit_prefix_base_int=\count193
\l_siunitx_unit_prefix_gram_int=\count194
\l_siunitx_number_product_int=\count195
\c_siunitx_one_fill_skip=\skip64
\c_siunitx_table_correction_skip=\skip65
\l_siunitx_table_unit_align_skip=\skip66
\l_siunitx_table_fill_box=\box65
\l_siunitx_table_fill_dim=\dimen167
\l_siunitx_table_pre_box=\box66
\l_siunitx_table_post_box=\box67
\l_siunitx_table_result_box=\box68
\l_siunitx_table_decimal_dim=\dimen168
\l_siunitx_table_exponent_dim=\dimen169
\l_siunitx_table_integer_dim=\dimen170
\l_siunitx_table_mantissa_dim=\dimen171
\l_siunitx_table_marker_dim=\dimen172
\l_siunitx_table_result_dim=\dimen173
\l_siunitx_table_uncert_dim=\dimen174
\l_siunitx_table_gap_dim=\dimen175
\l_siunitx_table_model_prop=\toks55
\l_siunitx_table_number_align_skip=\skip67
\l_siunitx_table_text_align_skip=\skip68
\l_siunitx_table_decimal_int=\count196
\l_siunitx_table_exponent_int=\count197
\l_siunitx_table_integer_int=\count198
\l_siunitx_table_uncert_int=\count199
 LaTeX Info: Defining document command \ang
(LaTeX)  with arg. spec. 'o>{\SplitArgument {2}{;}}m' on line 5629.

 LaTeX Info: Defining document command \num
(LaTeX)  with arg. spec. 'om' on line 5636.

 LaTeX Info: Defining document command \numlist
(LaTeX)  with arg. spec. 'o>{\SplitList {;}}m' on line 5643.

 LaTeX Info: Defining document command \numrange
(LaTeX)  with arg. spec. 'omm' on line 5650.

 LaTeX Info: Defining document command \si
(LaTeX)  with arg. spec. 'om' on line 5660.

 LaTeX Info: Defining document command \SIlist
(LaTeX)  with arg. spec. 'o>{\SplitList {;}}mm' on line 5670.

 LaTeX Info: Defining document command \SIrange
(LaTeX)  with arg. spec. 'ommm' on line 5680.

 LaTeX Info: Defining document command \SI
(LaTeX)  with arg. spec. 'omom' on line 5690.

 LaTeX Info: Defining document command \sisetup
(LaTeX)  with arg. spec. 'm' on line 5693.

 LaTeX Info: Defining document command \siunitx_bookmark_num:w
(LaTeX)  with arg. spec. 'om' on line 5729.

 LaTeX Info: Defining document command \siunitx_bookmark_numrange:w
(LaTeX)  with arg. spec. 'omm' on line 5731.

 LaTeX Info: Defining document command \siunitx_bookmark_si:w
(LaTeX)  with arg. spec. 'om' on line 5732.

 LaTeX Info: Defining document command \siunitx_bookmark_SI:w
(LaTeX)  with arg. spec. 'omom' on line 5734.

 LaTeX Info: Defining document command \siunitx_bookmark_SIrange:w
(LaTeX)  with arg. spec. 'ommm' on line 5736.

\g_ior_tmp_stream=\read2

(/usr/local/texlive/2010/texmf-dist/tex/latex/beamer/translator/translator.sty
Package: translator 2010/06/12 ver 1.10

(/usr/local/texlive/2010/texmf-dist/tex/latex/beamer/translator/translator-lang
uage-mappings.tex))
 siunitx Warning: Version 1 option 'decimalsymbol' detected.


(/usr/local/texlive/2010/texmf-dist/tex/latex/siunitx/config/siunitx-version-1.
cfg
File: siunitx-version-1.cfg 2010/07/15 v2.0n siunitx: Version 1 settings

(/usr/local/texlive/2010/texmf-dist/tex/latex/siunitx/config/siunitx-abbreviati
ons.cfg
File: siunitx-abbreviations.cfg 2010/07/15 v2.0n siunitx: Abbreviated units
)
(/usr/local/texlive/2010/texmf-dist/tex/latex/siunitx/config/siunitx-binary.cfg
File: siunitx-binary.cfg 2010/07/15 v2.0n siunitx: Binary units
)
 LaTeX Info: Defining document command \newunit
(LaTeX)  with arg. spec. 'omm' on line 632.

 LaTeX Info: Defining document command \newpower
(LaTeX)  with arg. spec. 'omm' on line 639.

 LaTeX Info: Defining document command \renewpower
(LaTeX)  with arg. spec. 'omm' on line 644.

 LaTeX Info: Defining document command \providepower
(LaTeX)  with arg. spec. 'omm' on line 649.

 LaTeX Info: Defining document command \newprefix
(LaTeX)  with arg. spec. 'ommm' on line 654.

 LaTeX Info: Defining document command \renewprefix
(LaTeX)  with arg. spec. 'ommm' on line 659.

 LaTeX Info: Defining document command \provideprefix
(LaTeX)  with arg. spec. 'ommm' on line 664.

 LaTeX Info: Defining document command \newqualifier
(LaTeX)  with arg. spec. 'mm' on line 667.

 LaTeX Info: Defining document command \requiresiconfigs
(LaTeX)  with arg. spec. 'm' on line 737.

)) (/usr/local/texlive/2010/texmf-dist/tex/latex/caption/caption.sty
Package: caption 2010/01/09 v3.1m Customizing captions (AR)

(/usr/local/texlive/2010/texmf-dist/tex/latex/caption/caption3.sty
Package: caption3 2010/01/14 v3.1m caption3 kernel (AR)
\captionmargin=\dimen176
\captionmargin@=\dimen177
\captionwidth=\dimen178
\caption@indent=\dimen179
\caption@parindent=\dimen180
\caption@hangindent=\dimen181
)
\c@ContinuedFloat=\count200
Package caption Info: listings package is loaded.
Package caption Info: longtable package is loaded.

(/usr/local/texlive/2010/texmf-dist/tex/latex/caption/ltcaption.sty
Package: ltcaption 2008/03/28 v1.2 longtable captions (AR)
)
Package caption Info: rotating package is loaded.
)
(/usr/local/texlive/2010/texmf-dist/tex/latex/natbib/natbib.sty
Package: natbib 2009/11/07 8.31a (PWD, AO)
\bibhang=\skip69
\bibsep=\skip70
LaTeX Info: Redefining \cite on input line 694.
\c@NAT@ctr=\count201
)
(/usr/local/texlive/2010/texmf-dist/tex/latex/footmisc/footmisc.sty
Package: footmisc 2009/09/15 v5.5a a miscellany of footnote facilities
\FN@temptoken=\toks56
\footnotemargin=\dimen182
\c@pp@next@reset=\count202
Package footmisc Info: Declaring symbol style bringhurst on input line 855.
Package footmisc Info: Declaring symbol style chicago on input line 863.
Package footmisc Info: Declaring symbol style wiley on input line 872.
Package footmisc Info: Declaring symbol style lamport-robust on input line 883.

Package footmisc Info: Declaring symbol style lamport* on input line 903.
Package footmisc Info: Declaring symbol style lamport*-robust on input line 924
.
)
(/usr/local/texlive/2010/texmf-dist/tex/latex/tools/enumerate.sty
Package: enumerate 1999/03/05 v3.00 enumerate extensions (DPC)
\@enLab=\toks57
)
(/usr/local/texlive/2010/texmf-dist/tex/latex/paralist/paralist.sty
Package: paralist 2002/03/18 v2.3b Extended list environments (BS)
\pltopsep=\skip71
\plpartopsep=\skip72
\plitemsep=\skip73
\plparsep=\skip74
\pl@lab=\toks58
)
(/usr/local/texlive/2010/texmf-dist/tex/latex/xcolor/xcolor.sty
Package: xcolor 2007/01/21 v2.11 LaTeX color extensions (UK)

(/usr/local/texlive/2010/texmf-dist/tex/latex/latexconfig/color.cfg
File: color.cfg 2007/01/18 v1.5 color configuration of teTeX/TeXLive
)
Package xcolor Info: Driver file: pdftex.def on input line 225.
Package xcolor Info: Model `cmy' substituted by `cmy0' on input line 1337.
Package xcolor Info: Model `hsb' substituted by `rgb' on input line 1341.
Package xcolor Info: Model `RGB' extended on input line 1353.
Package xcolor Info: Model `HTML' substituted by `rgb' on input line 1355.
Package xcolor Info: Model `Hsb' substituted by `hsb' on input line 1356.
Package xcolor Info: Model `tHsb' substituted by `hsb' on input line 1357.
Package xcolor Info: Model `HSB' substituted by `hsb' on input line 1358.
Package xcolor Info: Model `Gray' substituted by `gray' on input line 1359.
Package xcolor Info: Model `wave' substituted by `hsb' on input line 1360.

(/usr/local/texlive/2010/texmf-dist/tex/latex/xcolor/x11nam.def
File: x11nam.def 2007/01/21 v2.11 Predefined colors according to Unix/X11 (UK)
))
(/usr/local/texlive/2010/texmf-dist/tex/latex/hyperref/hyperref.sty
Package: hyperref 2010/06/18 v6.81g Hypertext links for LaTeX

(/usr/local/texlive/2010/texmf-dist/tex/generic/oberdiek/ltxcmds.sty
Package: ltxcmds 2010/04/26 v1.7 LaTeX kernel commands for general use (HO)
)
(/usr/local/texlive/2010/texmf-dist/tex/generic/oberdiek/kvsetkeys.sty
Package: kvsetkeys 2010/03/01 v1.9 Key value parser (HO)

(/usr/local/texlive/2010/texmf-dist/tex/generic/oberdiek/infwarerr.sty
Package: infwarerr 2010/04/08 v1.3 Providing info/warning/message (HO)
)
(/usr/local/texlive/2010/texmf-dist/tex/generic/oberdiek/etexcmds.sty
Package: etexcmds 2010/01/28 v1.3 Prefix for e-TeX command names (HO)
Package etexcmds Info: Could not find \expanded.
(etexcmds)             That can mean that you are not using pdfTeX 1.50 or
(etexcmds)             that some package has redefined \expanded.
(etexcmds)             In the latter case, load this package earlier.
))
(/usr/local/texlive/2010/texmf-dist/tex/generic/oberdiek/pdfescape.sty
Package: pdfescape 2010/03/01 v1.9 Provides hex, PDF name and string conversion
s (HO)

(/usr/local/texlive/2010/texmf-dist/tex/generic/oberdiek/pdftexcmds.sty
Package: pdftexcmds 2010/04/01 v0.9 Utility functions of pdfTeX for LuaTeX (HO)


(/usr/local/texlive/2010/texmf-dist/tex/generic/oberdiek/ifluatex.sty
Package: ifluatex 2010/03/01 v1.3 Provides the ifluatex switch (HO)
Package ifluatex Info: LuaTeX not detected.
)
Package pdftexcmds Info: LuaTeX not detected.
Package pdftexcmds Info: \pdf@primitive is available.
Package pdftexcmds Info: \pdf@ifprimitive is available.
))
(/usr/local/texlive/2010/texmf-dist/tex/generic/ifxetex/ifxetex.sty
Package: ifxetex 2009/01/23 v0.5 Provides ifxetex conditional
)
(/usr/local/texlive/2010/texmf-dist/tex/latex/oberdiek/hycolor.sty
Package: hycolor 2009/12/12 v1.6 Color options of hyperref/bookmark (HO)

(/usr/local/texlive/2010/texmf-dist/tex/latex/oberdiek/xcolor-patch.sty
Package: xcolor-patch 2009/12/12 xcolor patch
))
(/usr/local/texlive/2010/texmf-dist/tex/latex/oberdiek/letltxmacro.sty
Package: letltxmacro 2008/06/24 v1.3 Let assignment for LaTeX macros (HO)
)
\@linkdim=\dimen183
\Hy@linkcounter=\count203
\Hy@pagecounter=\count204

(/usr/local/texlive/2010/texmf-dist/tex/latex/hyperref/pd1enc.def
File: pd1enc.def 2010/06/18 v6.81g Hyperref: PDFDocEncoding definition (HO)
)
(/usr/local/texlive/2010/texmf-dist/tex/generic/oberdiek/intcalc.sty
Package: intcalc 2007/09/27 v1.1 Expandable integer calculations (HO)
)
(/usr/local/texlive/2010/texmf-dist/tex/latex/latexconfig/hyperref.cfg
File: hyperref.cfg 2002/06/06 v1.2 hyperref configuration of TeXLive
)
(/usr/local/texlive/2010/texmf-dist/tex/latex/oberdiek/kvoptions.sty
Package: kvoptions 2010/02/22 v3.7 Keyval support for LaTeX options (HO)
)
Package hyperref Info: Hyper figures OFF on input line 3658.
Package hyperref Info: Link nesting OFF on input line 3663.
Package hyperref Info: Hyper index ON on input line 3666.
Package hyperref Info: Plain pages OFF on input line 3673.
Package hyperref Info: Backreferencing OFF on input line 3678.

Implicit mode ON; LaTeX internals redefined
Package hyperref Info: Bookmarks ON on input line 3874.
LaTeX Info: Redefining \url on input line 4159.
(/usr/local/texlive/2010/texmf-dist/tex/generic/oberdiek/bitset.sty
Package: bitset 2007/09/28 v1.0 Data type bit set (HO)

(/usr/local/texlive/2010/texmf-dist/tex/generic/oberdiek/bigintcalc.sty
Package: bigintcalc 2007/11/11 v1.1 Expandable big integer calculations (HO)
))
\Fld@menulength=\count205
\Field@Width=\dimen184
\Fld@charsize=\dimen185
\Field@toks=\toks59
Package hyperref Info: Hyper figures OFF on input line 5137.
Package hyperref Info: Link nesting OFF on input line 5142.
Package hyperref Info: Hyper index ON on input line 5145.
Package hyperref Info: backreferencing OFF on input line 5152.
Package hyperref Info: Link coloring OFF on input line 5157.
Package hyperref Info: Link coloring with OCG OFF on input line 5162.
Package hyperref Info: PDF/A mode OFF on input line 5167.
LaTeX Info: Redefining \ref on input line 5207.
LaTeX Info: Redefining \pageref on input line 5211.

(/usr/local/texlive/2010/texmf-dist/tex/generic/oberdiek/atbegshi.sty
Package: atbegshi 2010/03/25 v1.12 At begin shipout hook (HO)
)
\Hy@abspage=\count206
\c@Item=\count207
)
* hyperref using driver hpdftex *
(/usr/local/texlive/2010/texmf-dist/tex/latex/hyperref/hpdftex.def
File: hpdftex.def 2010/06/18 v6.81g Hyperref driver for pdfTeX

(/usr/local/texlive/2010/texmf-dist/tex/latex/oberdiek/atveryend.sty
Package: atveryend 2010/03/24 v1.5 Hooks at very end of document (HO)
Package atveryend Info: \enddocument detected (standard).
)
\Fld@listcount=\count208
\c@bookmark@seq@number=\count209

(/usr/local/texlive/2010/texmf-dist/tex/latex/oberdiek/rerunfilecheck.sty
Package: rerunfilecheck 2010/03/16 v1.6 Rerun checks for auxiliary files (HO)

(/usr/local/texlive/2010/texmf-dist/tex/generic/oberdiek/uniquecounter.sty
Package: uniquecounter 2009/12/18 v1.1 Provides unlimited unique counter (HO)
)
Package uniquecounter Info: New unique counter `rerunfilecheck' on input line 2
71.
)
\Hy@SectionHShift=\skip75
)
(/usr/local/texlive/2010/texmf-dist/tex/latex/coordsys/coordsys.sty
Package: coordsys 2006/02/03 version 1.4
)
(/usr/local/texlive/2010/texmf-dist/tex/latex/pgf/frontendlayer/tikz.sty
(/usr/local/texlive/2010/texmf-dist/tex/latex/pgf/basiclayer/pgf.sty
(/usr/local/texlive/2010/texmf-dist/tex/latex/pgf/utilities/pgfrcs.sty
(/usr/local/texlive/2010/texmf-dist/tex/generic/pgf/utilities/pgfutil-common.te
x
\pgfutil@everybye=\toks60
)
(/usr/local/texlive/2010/texmf-dist/tex/generic/pgf/utilities/pgfutil-latex.def
) (/usr/local/texlive/2010/texmf-dist/tex/generic/pgf/utilities/pgfrcs.code.tex
Package: pgfrcs 2008/02/20 v2.00 (rcs-revision 1.21)
))
Package: pgf 2008/01/15 v2.00 (rcs-revision 1.12)
 (/usr/local/texlive/2010/texmf-dist/tex/latex/pgf/basiclayer/pgfcore.sty
(/usr/local/texlive/2010/texmf-dist/tex/latex/pgf/systemlayer/pgfsys.sty
(/usr/local/texlive/2010/texmf-dist/tex/generic/pgf/systemlayer/pgfsys.code.tex
Package: pgfsys 2008/02/07 v2.00 (rcs-revision 1.31)
(/usr/local/texlive/2010/texmf-dist/tex/generic/pgf/utilities/pgfkeys.code.tex
\pgfkeys@pathtoks=\toks61
\pgfkeys@temptoks=\toks62
)
\pgf@x=\dimen186
\pgf@y=\dimen187
\pgf@xa=\dimen188
\pgf@ya=\dimen189
\pgf@xb=\dimen190
\pgf@yb=\dimen191
\pgf@xc=\dimen192
\pgf@yc=\dimen193
\c@pgf@counta=\count210
\c@pgf@countb=\count211
\c@pgf@countc=\count212
\c@pgf@countd=\count213
(/usr/local/texlive/2010/texmf-dist/tex/generic/pgf/systemlayer/pgf.cfg
File: pgf.cfg 2008/01/13  (rcs-revision 1.6)
)
Package pgfsys Info: Driver file for pgf: pgfsys-pdftex.def on input line 885.

(/usr/local/texlive/2010/texmf-dist/tex/generic/pgf/systemlayer/pgfsys-pdftex.d
ef
File: pgfsys-pdftex.def 2007/12/20  (rcs-revision 1.20)

(/usr/local/texlive/2010/texmf-dist/tex/generic/pgf/systemlayer/pgfsys-common-p
df.def
File: pgfsys-common-pdf.def 2007/12/17  (rcs-revision 1.8)
)))
(/usr/local/texlive/2010/texmf-dist/tex/generic/pgf/systemlayer/pgfsyssoftpath.
code.tex
File: pgfsyssoftpath.code.tex 2008/01/23  (rcs-revision 1.6)
\pgfsyssoftpath@smallbuffer@items=\count214
\pgfsyssoftpath@bigbuffer@items=\count215
)
(/usr/local/texlive/2010/texmf-dist/tex/generic/pgf/systemlayer/pgfsysprotocol.
code.tex
File: pgfsysprotocol.code.tex 2006/10/16  (rcs-revision 1.4)
))
(/usr/local/texlive/2010/texmf-dist/tex/generic/pgf/basiclayer/pgfcore.code.tex
Package: pgfcore 2008/01/15 v2.00 (rcs-revision 1.6)
(/usr/local/texlive/2010/texmf-dist/tex/generic/pgf/math/pgfmath.code.tex
(/usr/local/texlive/2010/texmf-dist/tex/generic/pgf/math/pgfmathcalc.code.tex
(/usr/local/texlive/2010/texmf-dist/tex/generic/pgf/math/pgfmathutil.code.tex
\pgfmath@box=\box69
)
(/usr/local/texlive/2010/texmf-dist/tex/generic/pgf/math/pgfmathparser.code.tex
\pgfmath@stack=\toks63
\c@pgfmath@parsecounta=\count216
\c@pgfmath@parsecountb=\count217
\c@pgfmath@parsecountc=\count218
\pgfmath@parsex=\dimen194
)
(/usr/local/texlive/2010/texmf-dist/tex/generic/pgf/math/pgfmathoperations.code
.tex
(/usr/local/texlive/2010/texmf-dist/tex/generic/pgf/math/pgfmathtrig.code.tex)
(/usr/local/texlive/2010/texmf-dist/tex/generic/pgf/math/pgfmathrnd.code.tex))
(/usr/local/texlive/2010/texmf-dist/tex/generic/pgf/math/pgfmathbase.code.tex))
)
(/usr/local/texlive/2010/texmf-dist/tex/generic/pgf/basiclayer/pgfcorepoints.co
de.tex
File: pgfcorepoints.code.tex 2008/02/03  (rcs-revision 1.13)
\pgf@picminx=\dimen195
\pgf@picmaxx=\dimen196
\pgf@picminy=\dimen197
\pgf@picmaxy=\dimen198
\pgf@pathminx=\dimen199
\pgf@pathmaxx=\dimen200
\pgf@pathminy=\dimen201
\pgf@pathmaxy=\dimen202
\pgf@xx=\dimen203
\pgf@xy=\dimen204
\pgf@yx=\dimen205
\pgf@yy=\dimen206
\pgf@zx=\dimen207
\pgf@zy=\dimen208
)
(/usr/local/texlive/2010/texmf-dist/tex/generic/pgf/basiclayer/pgfcorepathconst
ruct.code.tex
File: pgfcorepathconstruct.code.tex 2008/02/13  (rcs-revision 1.14)
\pgf@path@lastx=\dimen209
\pgf@path@lasty=\dimen210
)
(/usr/local/texlive/2010/texmf-dist/tex/generic/pgf/basiclayer/pgfcorepathusage
.code.tex
File: pgfcorepathusage.code.tex 2008/01/23  (rcs-revision 1.11)
\pgf@shorten@end@additional=\dimen211
\pgf@shorten@start@additional=\dimen212
)
(/usr/local/texlive/2010/texmf-dist/tex/generic/pgf/basiclayer/pgfcorescopes.co
de.tex
File: pgfcorescopes.code.tex 2008/01/15  (rcs-revision 1.26)
\pgfpic=\box70
\pgf@hbox=\box71
\pgf@layerbox@main=\box72
\pgf@picture@serial@count=\count219
)
(/usr/local/texlive/2010/texmf-dist/tex/generic/pgf/basiclayer/pgfcoregraphicst
ate.code.tex
File: pgfcoregraphicstate.code.tex 2007/12/12  (rcs-revision 1.8)
\pgflinewidth=\dimen213
)
(/usr/local/texlive/2010/texmf-dist/tex/generic/pgf/basiclayer/pgfcoretransform
ations.code.tex
File: pgfcoretransformations.code.tex 2008/02/04  (rcs-revision 1.10)
\pgf@pt@x=\dimen214
\pgf@pt@y=\dimen215
\pgf@pt@temp=\dimen216
)
(/usr/local/texlive/2010/texmf-dist/tex/generic/pgf/basiclayer/pgfcorequick.cod
e.tex
File: pgfcorequick.code.tex 2006/10/11  (rcs-revision 1.2)
)
(/usr/local/texlive/2010/texmf-dist/tex/generic/pgf/basiclayer/pgfcoreobjects.c
ode.tex
File: pgfcoreobjects.code.tex 2006/10/11  (rcs-revision 1.2)
)
(/usr/local/texlive/2010/texmf-dist/tex/generic/pgf/basiclayer/pgfcorepathproce
ssing.code.tex
File: pgfcorepathprocessing.code.tex 2008/01/23  (rcs-revision 1.7)
)
(/usr/local/texlive/2010/texmf-dist/tex/generic/pgf/basiclayer/pgfcorearrows.co
de.tex
File: pgfcorearrows.code.tex 2007/06/07  (rcs-revision 1.8)
)
(/usr/local/texlive/2010/texmf-dist/tex/generic/pgf/basiclayer/pgfcoreshade.cod
e.tex
File: pgfcoreshade.code.tex 2007/12/10  (rcs-revision 1.9)
\pgf@max=\dimen217
\pgf@sys@shading@range@num=\count220
)
(/usr/local/texlive/2010/texmf-dist/tex/generic/pgf/basiclayer/pgfcoreimage.cod
e.tex
File: pgfcoreimage.code.tex 2008/01/15  (rcs-revision 1.1)
\pgfexternal@startupbox=\box73
)
(/usr/local/texlive/2010/texmf-dist/tex/generic/pgf/basiclayer/pgfcorelayers.co
de.tex
File: pgfcorelayers.code.tex 2008/01/15  (rcs-revision 1.1)
)
(/usr/local/texlive/2010/texmf-dist/tex/generic/pgf/basiclayer/pgfcoretranspare
ncy.code.tex
File: pgfcoretransparency.code.tex 2008/01/17  (rcs-revision 1.2)
)
(/usr/local/texlive/2010/texmf-dist/tex/generic/pgf/basiclayer/pgfcorepatterns.
code.tex
File: pgfcorepatterns.code.tex 2008/01/15  (rcs-revision 1.1)
)))
(/usr/local/texlive/2010/texmf-dist/tex/generic/pgf/modules/pgfmoduleshapes.cod
e.tex
File: pgfmoduleshapes.code.tex 2008/02/13  (rcs-revision 1.4)
\pgfnodeparttextbox=\box74
\toks@savedmacro=\toks64
)
(/usr/local/texlive/2010/texmf-dist/tex/generic/pgf/modules/pgfmoduleplot.code.
tex
File: pgfmoduleplot.code.tex 2008/01/15  (rcs-revision 1.1)
\pgf@plotwrite=\write3
)
(/usr/local/texlive/2010/texmf-dist/tex/latex/pgf/compatibility/pgfcomp-version
-0-65.sty
Package: pgfcomp-version-0-65 2007/07/03 v2.00 (rcs-revision 1.7)
\pgf@nodesepstart=\dimen218
\pgf@nodesepend=\dimen219
)
(/usr/local/texlive/2010/texmf-dist/tex/latex/pgf/compatibility/pgfcomp-version
-1-18.sty
Package: pgfcomp-version-1-18 2007/07/23 v2.00 (rcs-revision 1.1)
))
(/usr/local/texlive/2010/texmf-dist/tex/latex/pgf/utilities/pgffor.sty
(/usr/local/texlive/2010/texmf-dist/tex/generic/pgf/utilities/pgffor.code.tex
Package: pgffor 2007/11/07 v2.00 (rcs-revision 1.8)
\pgffor@iter=\dimen220
\pgffor@skip=\dimen221
))
(/usr/local/texlive/2010/texmf-dist/tex/generic/pgf/frontendlayer/tikz/tikz.cod
e.tex
Package: tikz 2008/02/13 v2.00 (rcs-revision 1.27)

(/usr/local/texlive/2010/texmf-dist/tex/generic/pgf/libraries/pgflibraryplothan
dlers.code.tex
File: pgflibraryplothandlers.code.tex 2007/03/09 v2.00 (rcs-revision 1.9)
\pgf@plot@mark@count=\count221
\pgfplotmarksize=\dimen222
)
\tikz@lastx=\dimen223
\tikz@lasty=\dimen224
\tikz@lastxsaved=\dimen225
\tikz@lastysaved=\dimen226
\tikzleveldistance=\dimen227
\tikzsiblingdistance=\dimen228
\tikz@figbox=\box75
\tikz@tempbox=\box76
\tikztreelevel=\count222
\tikznumberofchildren=\count223
\tikznumberofcurrentchild=\count224
\tikz@fig@count=\count225

(/usr/local/texlive/2010/texmf-dist/tex/generic/pgf/modules/pgfmodulematrix.cod
e.tex
File: pgfmodulematrix.code.tex 2008/01/15  (rcs-revision 1.1)
\pgfmatrixcurrentrow=\count226
\pgfmatrixcurrentcolumn=\count227
\pgf@matrix@numberofcolumns=\count228
)
\tikz@expandcount=\count229

(/usr/local/texlive/2010/texmf-dist/tex/generic/pgf/frontendlayer/tikz/librarie
s/tikzlibrarytopaths.code.tex
File: tikzlibrarytopaths.code.tex 2008/01/09 v2.00 (rcs-revision 1.1)
)))
(/usr/local/texlive/2010/texmf-dist/tex/latex/subfig/subfig.sty
Package: subfig 2005/06/28 ver: 1.3 subfig package
\c@KVtest=\count230
\sf@farskip=\skip76
\sf@captopadj=\dimen229
\sf@capskip=\skip77
\sf@nearskip=\skip78
\c@subfigure=\count231
\c@subfigure@save=\count232
\c@lofdepth=\count233
Normal \count register pool exhausted, switching to extended pool.
\c@subtable=\count277
\c@subtable@save=\count278
\c@lotdepth=\count279
\sf@top=\skip79
\sf@bottom=\skip80
)
(/usr/local/texlive/2010/texmf-dist/tex/latex/oberdiek/grffile.sty
Package: grffile 2010/01/28 v1.11 Extended file name support for graphics (HO)
Package grffile Info: Option `multidot' is set to `true'.
Package grffile Info: Option `extendedchars' is set to `false'.
Package grffile Info: Option `space' is set to `true'.
)
Package hyperref Info: Option `unicode' set `false' on input line 94.
Package hyperref Info: Option `pdftoolbar' set `true' on input line 94.
Package hyperref Info: Option `pdfmenubar' set `true' on input line 94.
Package hyperref Info: Option `pdffitwindow' set `false' on input line 94.
Package hyperref Info: Option `pdfnewwindow' set `true' on input line 94.


Package hyperref Warning: Option `pagebackref' has already been used,
(hyperref)                setting the option has no effect on input line 94.

Package hyperref Info: Option `colorlinks' set `true' on input line 94.
(./mcd601proj.aux)
\openout1 = `mcd601proj.aux'.

LaTeX Font Info:    Checking defaults for OML/cmm/m/it on input line 110.
LaTeX Font Info:    ... okay on input line 110.
LaTeX Font Info:    Checking defaults for T1/cmr/m/n on input line 110.
LaTeX Font Info:    ... okay on input line 110.
LaTeX Font Info:    Checking defaults for OT1/cmr/m/n on input line 110.
LaTeX Font Info:    ... okay on input line 110.
LaTeX Font Info:    Checking defaults for OMS/cmsy/m/n on input line 110.
LaTeX Font Info:    ... okay on input line 110.
LaTeX Font Info:    Checking defaults for OMX/cmex/m/n on input line 110.
LaTeX Font Info:    ... okay on input line 110.
LaTeX Font Info:    Checking defaults for U/cmr/m/n on input line 110.
LaTeX Font Info:    ... okay on input line 110.
LaTeX Font Info:    Checking defaults for PD1/pdf/m/n on input line 110.
LaTeX Font Info:    ... okay on input line 110.

(/usr/local/texlive/2010/texmf-dist/tex/context/base/supp-pdf.mkii
[Loading MPS to PDF converter (version 2006.09.02).]
\scratchcounter=\count280
\scratchdimen=\dimen230
\scratchbox=\box77
\nofMPsegments=\count281
\nofMParguments=\count282
\everyMPshowfont=\toks65
\MPscratchCnt=\count283
\MPscratchDim=\dimen231
\MPnumerator=\count284
\everyMPtoPDFconversion=\toks66
) (/usr/local/texlive/2010/texmf-dist/tex/latex/oberdiek/epstopdf-base.sty
Package: epstopdf-base 2010/02/09 v2.5 Base part for package epstopdf

(/usr/local/texlive/2010/texmf-dist/tex/latex/oberdiek/grfext.sty
Package: grfext 2007/09/30 v1.0 Managing graphics extensions (HO)
)
Package grfext Info: Graphics extension search list:
(grfext)             [.png,.pdf,.jpg,.mps,.jpeg,.jbig2,.jb2,.PNG,.PDF,.JPG,.JPE
G,.JBIG2,.JB2,.eps]
(grfext)             \AppendGraphicsExtensions on input line 436.

(/usr/local/texlive/2010/texmf-dist/tex/latex/latexconfig/epstopdf-sys.cfg
File: epstopdf-sys.cfg 2010/07/13 v1.3 Configuration of (r)epstopdf for TeX Liv
e
))
*geometry* driver: auto-detecting
*geometry* detected driver: pdftex
*geometry* verbose mode - [ preamble ] result:
* driver: pdftex
* paper: a4paper
* layout: <same size as paper>
* layoutoffset:(h,v)=(0.0pt,0.0pt)
* modes: 
* h-part:(L,W,R)=(71.13188pt, 455.24411pt, 71.13188pt)
* v-part:(T,H,B)=(56.9055pt, 717.00946pt, 71.13188pt)
* \paperwidth=597.50787pt
* \paperheight=845.04684pt
* \textwidth=455.24411pt
* \textheight=717.00946pt
* \oddsidemargin=-1.1381pt
* \evensidemargin=-1.1381pt
* \topmargin=-52.36449pt
* \headheight=12.0pt
* \headsep=25.0pt
* \topskip=12.0pt
* \footskip=30.0pt
* \marginparwidth=44.0pt
* \marginparsep=10.0pt
* \columnsep=10.0pt
* \skip\footins=10.8pt plus 4.0pt minus 2.0pt
* \hoffset=0.0pt
* \voffset=0.0pt
* \mag=1000
* \@twocolumnfalse
* \@twosidefalse
* \@mparswitchfalse
* \@reversemarginfalse
* (1in=72.27pt=25.4mm, 1cm=28.453pt)

\c@lstlisting=\count285
 LaTeX Info: Defining document command \of
(LaTeX)  with arg. spec. '' on line 110.

 LaTeX Info: Defining document command \per
(LaTeX)  with arg. spec. '' on line 110.

 LaTeX Info: Defining document command \raiseto
(LaTeX)  with arg. spec. '' on line 110.

 LaTeX Info: Defining document command \tothe
(LaTeX)  with arg. spec. '' on line 110.

 LaTeX Info: Defining document command \kilogram
(LaTeX)  with arg. spec. '' on line 110.

 LaTeX Info: Defining document command \metre
(LaTeX)  with arg. spec. '' on line 110.

 LaTeX Info: Defining document command \meter
(LaTeX)  with arg. spec. '' on line 110.

 LaTeX Info: Defining document command \mole
(LaTeX)  with arg. spec. '' on line 110.

 LaTeX Info: Defining document command \second
(LaTeX)  with arg. spec. '' on line 110.

 LaTeX Info: Defining document command \ampere
(LaTeX)  with arg. spec. '' on line 110.

 LaTeX Info: Defining document command \kelvin
(LaTeX)  with arg. spec. '' on line 110.

 LaTeX Info: Defining document command \candela
(LaTeX)  with arg. spec. '' on line 110.

 LaTeX Info: Defining document command \gram
(LaTeX)  with arg. spec. '' on line 110.

 LaTeX Info: Defining document command \yocto
(LaTeX)  with arg. spec. '' on line 110.

 LaTeX Info: Defining document command \zepto
(LaTeX)  with arg. spec. '' on line 110.

 LaTeX Info: Defining document command \atto
(LaTeX)  with arg. spec. '' on line 110.

 LaTeX Info: Defining document command \femto
(LaTeX)  with arg. spec. '' on line 110.

 LaTeX Info: Defining document command \pico
(LaTeX)  with arg. spec. '' on line 110.

 LaTeX Info: Defining document command \nano
(LaTeX)  with arg. spec. '' on line 110.

 LaTeX Info: Defining document command \micro
(LaTeX)  with arg. spec. '' on line 110.

 LaTeX Info: Defining document command \milli
(LaTeX)  with arg. spec. '' on line 110.

 LaTeX Info: Defining document command \centi
(LaTeX)  with arg. spec. '' on line 110.

 LaTeX Info: Defining document command \deci
(LaTeX)  with arg. spec. '' on line 110.

 LaTeX Info: Defining document command \deca
(LaTeX)  with arg. spec. '' on line 110.

 LaTeX Info: Defining document command \deka
(LaTeX)  with arg. spec. '' on line 110.

 LaTeX Info: Defining document command \hecto
(LaTeX)  with arg. spec. '' on line 110.

 LaTeX Info: Defining document command \kilo
(LaTeX)  with arg. spec. '' on line 110.

 LaTeX Info: Defining document command \mega
(LaTeX)  with arg. spec. '' on line 110.

 LaTeX Info: Defining document command \giga
(LaTeX)  with arg. spec. '' on line 110.

 LaTeX Info: Defining document command \tera
(LaTeX)  with arg. spec. '' on line 110.

 LaTeX Info: Defining document command \peta
(LaTeX)  with arg. spec. '' on line 110.

 LaTeX Info: Defining document command \exa
(LaTeX)  with arg. spec. '' on line 110.

 LaTeX Info: Defining document command \zetta
(LaTeX)  with arg. spec. '' on line 110.

 LaTeX Info: Defining document command \yotta
(LaTeX)  with arg. spec. '' on line 110.

 LaTeX Info: Defining document command \becquerel
(LaTeX)  with arg. spec. '' on line 110.

 LaTeX Info: Defining document command \celsius
(LaTeX)  with arg. spec. '' on line 110.

 LaTeX Info: Defining document command \degreeCelsius
(LaTeX)  with arg. spec. '' on line 110.

 LaTeX Info: Defining document command \coulomb
(LaTeX)  with arg. spec. '' on line 110.

 LaTeX Info: Defining document command \farad
(LaTeX)  with arg. spec. '' on line 110.

 LaTeX Info: Defining document command \gray
(LaTeX)  with arg. spec. '' on line 110.

 LaTeX Info: Defining document command \hertz
(LaTeX)  with arg. spec. '' on line 110.

 LaTeX Info: Defining document command \henry
(LaTeX)  with arg. spec. '' on line 110.

 LaTeX Info: Defining document command \joule
(LaTeX)  with arg. spec. '' on line 110.

 LaTeX Info: Defining document command \katal
(LaTeX)  with arg. spec. '' on line 110.

 LaTeX Info: Defining document command \lumen
(LaTeX)  with arg. spec. '' on line 110.

 LaTeX Info: Defining document command \lux
(LaTeX)  with arg. spec. '' on line 110.

 LaTeX Info: Defining document command \newton
(LaTeX)  with arg. spec. '' on line 110.

 LaTeX Info: Defining document command \ohm
(LaTeX)  with arg. spec. '' on line 110.

 LaTeX Info: Defining document command \pascal
(LaTeX)  with arg. spec. '' on line 110.

 LaTeX Info: Defining document command \radian
(LaTeX)  with arg. spec. '' on line 110.

 LaTeX Info: Defining document command \siemens
(LaTeX)  with arg. spec. '' on line 110.

 LaTeX Info: Defining document command \sievert
(LaTeX)  with arg. spec. '' on line 110.

 LaTeX Info: Defining document command \steradian
(LaTeX)  with arg. spec. '' on line 110.

 LaTeX Info: Defining document command \tesla
(LaTeX)  with arg. spec. '' on line 110.

 LaTeX Info: Defining document command \volt
(LaTeX)  with arg. spec. '' on line 110.

 LaTeX Info: Defining document command \watt
(LaTeX)  with arg. spec. '' on line 110.

 LaTeX Info: Defining document command \weber
(LaTeX)  with arg. spec. '' on line 110.

 LaTeX Info: Defining document command \arcmin
(LaTeX)  with arg. spec. '' on line 110.

 LaTeX Info: Defining document command \arcminute
(LaTeX)  with arg. spec. '' on line 110.

 LaTeX Info: Defining document command \arcsecond
(LaTeX)  with arg. spec. '' on line 110.

 LaTeX Info: Defining document command \degree
(LaTeX)  with arg. spec. '' on line 110.

 LaTeX Info: Defining document command \hectare
(LaTeX)  with arg. spec. '' on line 110.

 LaTeX Info: Defining document command \hour
(LaTeX)  with arg. spec. '' on line 110.

 LaTeX Info: Defining document command \litre
(LaTeX)  with arg. spec. '' on line 110.

 LaTeX Info: Defining document command \liter
(LaTeX)  with arg. spec. '' on line 110.

 LaTeX Info: Defining document command \minute
(LaTeX)  with arg. spec. '' on line 110.

 LaTeX Info: Defining document command \percent
(LaTeX)  with arg. spec. '' on line 110.

 LaTeX Info: Defining document command \tonne
(LaTeX)  with arg. spec. '' on line 110.

 LaTeX Info: Defining document command \astronomicalunit
(LaTeX)  with arg. spec. '' on line 110.

 LaTeX Info: Defining document command \atomicmassunit
(LaTeX)  with arg. spec. '' on line 110.

 LaTeX Info: Defining document command \electronvolt
(LaTeX)  with arg. spec. '' on line 110.

 LaTeX Info: Defining document command \dalton
(LaTeX)  with arg. spec. '' on line 110.

 LaTeX Info: Defining document command \clight
(LaTeX)  with arg. spec. '' on line 110.

 LaTeX Info: Defining document command \electronmass
(LaTeX)  with arg. spec. '' on line 110.

 LaTeX Info: Defining document command \planckbar
(LaTeX)  with arg. spec. '' on line 110.

 LaTeX Info: Defining document command \elementarycharge
(LaTeX)  with arg. spec. '' on line 110.

 LaTeX Info: Defining document command \bohr
(LaTeX)  with arg. spec. '' on line 110.

 LaTeX Info: Defining document command \hartree
(LaTeX)  with arg. spec. '' on line 110.

 LaTeX Info: Defining document command \angstrom
(LaTeX)  with arg. spec. '' on line 110.

 LaTeX Info: Defining document command \barn
(LaTeX)  with arg. spec. '' on line 110.

 LaTeX Info: Defining document command \bel
(LaTeX)  with arg. spec. '' on line 110.

 LaTeX Info: Defining document command \decibel
(LaTeX)  with arg. spec. '' on line 110.

 LaTeX Info: Defining document command \knot
(LaTeX)  with arg. spec. '' on line 110.

 LaTeX Info: Defining document command \mmHg
(LaTeX)  with arg. spec. '' on line 110.

 LaTeX Info: Defining document command \nauticalmile
(LaTeX)  with arg. spec. '' on line 110.

 LaTeX Info: Defining document command \neper
(LaTeX)  with arg. spec. '' on line 110.

 LaTeX Info: Defining document command \squared
(LaTeX)  with arg. spec. '' on line 110.

 LaTeX Info: Defining document command \cubic
(LaTeX)  with arg. spec. '' on line 110.

 LaTeX Info: Defining document command \cubed
(LaTeX)  with arg. spec. '' on line 110.

 LaTeX Info: Defining document command \A
(LaTeX)  with arg. spec. '' on line 110.

 LaTeX Info: Defining document command \pA
(LaTeX)  with arg. spec. '' on line 110.

 LaTeX Info: Defining document command \nA
(LaTeX)  with arg. spec. '' on line 110.

 LaTeX Info: Defining document command \uA
(LaTeX)  with arg. spec. '' on line 110.

 LaTeX Info: Defining document command \mA
(LaTeX)  with arg. spec. '' on line 110.

 LaTeX Info: Defining document command \kA
(LaTeX)  with arg. spec. '' on line 110.

 LaTeX Info: Defining document command \Hz
(LaTeX)  with arg. spec. '' on line 110.

 LaTeX Info: Defining document command \mHz
(LaTeX)  with arg. spec. '' on line 110.

 LaTeX Info: Defining document command \kHz
(LaTeX)  with arg. spec. '' on line 110.

 LaTeX Info: Defining document command \MHz
(LaTeX)  with arg. spec. '' on line 110.

 LaTeX Info: Defining document command \GHz
(LaTeX)  with arg. spec. '' on line 110.

 LaTeX Info: Defining document command \THz
(LaTeX)  with arg. spec. '' on line 110.

 LaTeX Info: Defining document command \mol
(LaTeX)  with arg. spec. '' on line 110.

 LaTeX Info: Defining document command \fmol
(LaTeX)  with arg. spec. '' on line 110.

 LaTeX Info: Defining document command \pmol
(LaTeX)  with arg. spec. '' on line 110.

 LaTeX Info: Defining document command \nmol
(LaTeX)  with arg. spec. '' on line 110.

 LaTeX Info: Defining document command \umol
(LaTeX)  with arg. spec. '' on line 110.

 LaTeX Info: Defining document command \mmol
(LaTeX)  with arg. spec. '' on line 110.

 LaTeX Info: Defining document command \kmol
(LaTeX)  with arg. spec. '' on line 110.

 LaTeX Info: Defining document command \V
(LaTeX)  with arg. spec. '' on line 110.

 LaTeX Info: Defining document command \mV
(LaTeX)  with arg. spec. '' on line 110.

 LaTeX Info: Defining document command \kV
(LaTeX)  with arg. spec. '' on line 110.

 LaTeX Info: Defining document command \ml
(LaTeX)  with arg. spec. '' on line 110.

 LaTeX Info: Defining document command \ul
(LaTeX)  with arg. spec. '' on line 110.

 LaTeX Info: Defining document command \mL
(LaTeX)  with arg. spec. '' on line 110.

 LaTeX Info: Defining document command \uL
(LaTeX)  with arg. spec. '' on line 110.

 LaTeX Info: Defining document command \fg
(LaTeX)  with arg. spec. '' on line 110.

 LaTeX Info: Defining document command \pg
(LaTeX)  with arg. spec. '' on line 110.

 LaTeX Info: Defining document command \ug
(LaTeX)  with arg. spec. '' on line 110.

 LaTeX Info: Defining document command \mg
(LaTeX)  with arg. spec. '' on line 110.

 LaTeX Info: Defining document command \g
(LaTeX)  with arg. spec. '' on line 110.

 LaTeX Info: Defining document command \kg
(LaTeX)  with arg. spec. '' on line 110.

 LaTeX Info: Defining document command \amu
(LaTeX)  with arg. spec. '' on line 110.

 LaTeX Info: Defining document command \W
(LaTeX)  with arg. spec. '' on line 110.

 LaTeX Info: Defining document command \mW
(LaTeX)  with arg. spec. '' on line 110.

 LaTeX Info: Defining document command \kW
(LaTeX)  with arg. spec. '' on line 110.

 LaTeX Info: Defining document command \MW
(LaTeX)  with arg. spec. '' on line 110.

 LaTeX Info: Defining document command \GW
(LaTeX)  with arg. spec. '' on line 110.

 LaTeX Info: Defining document command \kJ
(LaTeX)  with arg. spec. '' on line 110.

 LaTeX Info: Defining document command \eV
(LaTeX)  with arg. spec. '' on line 110.

 LaTeX Info: Defining document command \meV
(LaTeX)  with arg. spec. '' on line 110.

 LaTeX Info: Defining document command \keV
(LaTeX)  with arg. spec. '' on line 110.

 LaTeX Info: Defining document command \MeV
(LaTeX)  with arg. spec. '' on line 110.

 LaTeX Info: Defining document command \GeV
(LaTeX)  with arg. spec. '' on line 110.

 LaTeX Info: Defining document command \TeV
(LaTeX)  with arg. spec. '' on line 110.

 LaTeX Info: Defining document command \kWh
(LaTeX)  with arg. spec. '' on line 110.

 LaTeX Info: Defining document command \m
(LaTeX)  with arg. spec. '' on line 110.

 LaTeX Info: Defining document command \nm
(LaTeX)  with arg. spec. '' on line 110.

 LaTeX Info: Defining document command \um
(LaTeX)  with arg. spec. '' on line 110.

 LaTeX Info: Defining document command \mm
(LaTeX)  with arg. spec. '' on line 110.

 LaTeX Info: Defining document command \cm
(LaTeX)  with arg. spec. '' on line 110.

 LaTeX Info: Defining document command \dm
(LaTeX)  with arg. spec. '' on line 110.

 LaTeX Info: Defining document command \km
(LaTeX)  with arg. spec. '' on line 110.

 LaTeX Info: Defining document command \N
(LaTeX)  with arg. spec. '' on line 110.

 LaTeX Info: Defining document command \mN
(LaTeX)  with arg. spec. '' on line 110.

 LaTeX Info: Defining document command \kN
(LaTeX)  with arg. spec. '' on line 110.

 LaTeX Info: Defining document command \MN
(LaTeX)  with arg. spec. '' on line 110.

 LaTeX Info: Defining document command \Pa
(LaTeX)  with arg. spec. '' on line 110.

 LaTeX Info: Defining document command \kPa
(LaTeX)  with arg. spec. '' on line 110.

 LaTeX Info: Defining document command \MPa
(LaTeX)  with arg. spec. '' on line 110.

 LaTeX Info: Defining document command \GPa
(LaTeX)  with arg. spec. '' on line 110.

 LaTeX Info: Defining document command \mohm
(LaTeX)  with arg. spec. '' on line 110.

 LaTeX Info: Defining document command \kohm
(LaTeX)  with arg. spec. '' on line 110.

 LaTeX Info: Defining document command \Mohm
(LaTeX)  with arg. spec. '' on line 110.

 LaTeX Info: Defining document command \s
(LaTeX)  with arg. spec. '' on line 110.

 LaTeX Info: Defining document command \as
(LaTeX)  with arg. spec. '' on line 110.

 LaTeX Info: Defining document command \fs
(LaTeX)  with arg. spec. '' on line 110.

 LaTeX Info: Defining document command \ps
(LaTeX)  with arg. spec. '' on line 110.

 LaTeX Info: Defining document command \ns
(LaTeX)  with arg. spec. '' on line 110.

 LaTeX Info: Defining document command \us
(LaTeX)  with arg. spec. '' on line 110.

 LaTeX Info: Defining document command \ms
(LaTeX)  with arg. spec. '' on line 110.

 LaTeX Info: Defining document command \kibi
(LaTeX)  with arg. spec. '' on line 110.

 LaTeX Info: Defining document command \mebi
(LaTeX)  with arg. spec. '' on line 110.

 LaTeX Info: Defining document command \gibi
(LaTeX)  with arg. spec. '' on line 110.

 LaTeX Info: Defining document command \tebi
(LaTeX)  with arg. spec. '' on line 110.

 LaTeX Info: Defining document command \pebi
(LaTeX)  with arg. spec. '' on line 110.

 LaTeX Info: Defining document command \exbi
(LaTeX)  with arg. spec. '' on line 110.

 LaTeX Info: Defining document command \zebi
(LaTeX)  with arg. spec. '' on line 110.

 LaTeX Info: Defining document command \yobi
(LaTeX)  with arg. spec. '' on line 110.

 LaTeX Info: Defining document command \bit
(LaTeX)  with arg. spec. '' on line 110.

 LaTeX Info: Defining document command \byte
(LaTeX)  with arg. spec. '' on line 110.

 LaTeX Info: Defining document command \Square
(LaTeX)  with arg. spec. '' on line 110.

 LaTeX Info: Defining document command \ssquare
(LaTeX)  with arg. spec. '' on line 110.

 LaTeX Info: Defining document command \BAR
(LaTeX)  with arg. spec. '' on line 110.

 LaTeX Info: Defining document command \bbar
(LaTeX)  with arg. spec. '' on line 110.

 LaTeX Info: Defining document command \Day
(LaTeX)  with arg. spec. '' on line 110.

 LaTeX Info: Defining document command \dday
(LaTeX)  with arg. spec. '' on line 110.

 LaTeX Info: Defining document command \Gray
(LaTeX)  with arg. spec. '' on line 110.

 LaTeX Info: Defining document command \ggray
(LaTeX)  with arg. spec. '' on line 110.

 LaTeX Info: Defining document command \atomicmass
(LaTeX)  with arg. spec. '' on line 110.

 LaTeX Info: Defining document command \arcsec
(LaTeX)  with arg. spec. '' on line 110.

 LaTeX Info: Defining document command \are
(LaTeX)  with arg. spec. '' on line 110.

 LaTeX Info: Defining document command \curie
(LaTeX)  with arg. spec. '' on line 110.

 LaTeX Info: Defining document command \gal
(LaTeX)  with arg. spec. '' on line 110.

 LaTeX Info: Defining document command \millibar
(LaTeX)  with arg. spec. '' on line 110.

 LaTeX Info: Defining document command \rad
(LaTeX)  with arg. spec. '' on line 110.

 LaTeX Info: Defining document command \rem
(LaTeX)  with arg. spec. '' on line 110.

 LaTeX Info: Defining document command \roentgen
(LaTeX)  with arg. spec. '' on line 110.

 LaTeX Info: Defining document command \micA
(LaTeX)  with arg. spec. '' on line 110.

 LaTeX Info: Defining document command \micmol
(LaTeX)  with arg. spec. '' on line 110.

 LaTeX Info: Defining document command \micl
(LaTeX)  with arg. spec. '' on line 110.

 LaTeX Info: Defining document command \micL
(LaTeX)  with arg. spec. '' on line 110.

 LaTeX Info: Defining document command \nanog
(LaTeX)  with arg. spec. '' on line 110.

 LaTeX Info: Defining document command \micg
(LaTeX)  with arg. spec. '' on line 110.

 LaTeX Info: Defining document command \picm
(LaTeX)  with arg. spec. '' on line 110.

 LaTeX Info: Defining document command \micm
(LaTeX)  with arg. spec. '' on line 110.

 LaTeX Info: Defining document command \Sec
(LaTeX)  with arg. spec. '' on line 110.

 LaTeX Info: Defining document command \mics
(LaTeX)  with arg. spec. '' on line 110.

 LaTeX Info: Defining document command \cmc
(LaTeX)  with arg. spec. '' on line 110.

 LaTeX Info: Defining document command \dmc
(LaTeX)  with arg. spec. '' on line 110.

 LaTeX Info: Defining document command \cms
(LaTeX)  with arg. spec. '' on line 110.

 LaTeX Info: Defining document command \centimetrecubed
(LaTeX)  with arg. spec. '' on line 110.

 LaTeX Info: Defining document command \centimetresquared
(LaTeX)  with arg. spec. '' on line 110.

 LaTeX Info: Defining document command \cubiccentimetre
(LaTeX)  with arg. spec. '' on line 110.

 LaTeX Info: Defining document command \cubicdecimetre
(LaTeX)  with arg. spec. '' on line 110.

 LaTeX Info: Defining document command \squarecentimetre
(LaTeX)  with arg. spec. '' on line 110.

 LaTeX Info: Defining document command \squaremetre
(LaTeX)  with arg. spec. '' on line 110.

 LaTeX Info: Defining document command \squarekilometre
(LaTeX)  with arg. spec. '' on line 110.

 LaTeX Info: Defining document command \parsec
(LaTeX)  with arg. spec. '' on line 110.

 LaTeX Info: Defining document command \lightyear
(LaTeX)  with arg. spec. '' on line 110.

 LaTeX Info: Defining document command \gmol
(LaTeX)  with arg. spec. '' on line 110.

 LaTeX Info: Defining document command \kgmol
(LaTeX)  with arg. spec. '' on line 110.

 LaTeX Info: Defining document command \lbmol
(LaTeX)  with arg. spec. '' on line 110.

 LaTeX Info: Defining document command \molar
(LaTeX)  with arg. spec. '' on line 110.

 LaTeX Info: Defining document command \Molar
(LaTeX)  with arg. spec. '' on line 110.

 LaTeX Info: Defining document command \torr
(LaTeX)  with arg. spec. '' on line 110.

 LaTeX Info: Defining document command \gon
(LaTeX)  with arg. spec. '' on line 110.

 LaTeX Info: Defining document command \micron
(LaTeX)  with arg. spec. '' on line 110.

 LaTeX Info: Defining document command \mrad
(LaTeX)  with arg. spec. '' on line 110.

 LaTeX Info: Defining document command \gauss
(LaTeX)  with arg. spec. '' on line 110.

 LaTeX Info: Defining document command \eVperc
(LaTeX)  with arg. spec. '' on line 110.

 LaTeX Info: Defining document command \nanobarn
(LaTeX)  with arg. spec. '' on line 110.

 LaTeX Info: Defining document command \picobarn
(LaTeX)  with arg. spec. '' on line 110.

 LaTeX Info: Defining document command \femtobarn
(LaTeX)  with arg. spec. '' on line 110.

 LaTeX Info: Defining document command \attobarn
(LaTeX)  with arg. spec. '' on line 110.

 LaTeX Info: Defining document command \zeptobarn
(LaTeX)  with arg. spec. '' on line 110.

 LaTeX Info: Defining document command \yoctobarn
(LaTeX)  with arg. spec. '' on line 110.

 LaTeX Info: Defining document command \nb
(LaTeX)  with arg. spec. '' on line 110.

 LaTeX Info: Defining document command \pb
(LaTeX)  with arg. spec. '' on line 110.

 LaTeX Info: Defining document command \fb
(LaTeX)  with arg. spec. '' on line 110.

 LaTeX Info: Defining document command \ab
(LaTeX)  with arg. spec. '' on line 110.

 LaTeX Info: Defining document command \zb
(LaTeX)  with arg. spec. '' on line 110.

 LaTeX Info: Defining document command \yb
(LaTeX)  with arg. spec. '' on line 110.


(/usr/local/texlive/2010/texmf-dist/tex/latex/beamer/translator/dicts/translato
r-basic-dictionary/translator-basic-dictionary-English.dict
Dictionary: translator-basic-dictionary, Language: English 
)
Package caption Info: Begin \AtBeginDocument code.
Package caption3 Info: subfig package 1.2 or 1.3 is loaded.
LaTeX Info: Redefining \subref on input line 110.
Package caption Info: hyperref package is loaded.
Package caption Info: End \AtBeginDocument code.
\AtBeginShipoutBox=\box78
Package hyperref Info: Link coloring ON on input line 110.

(/usr/local/texlive/2010/texmf-dist/tex/latex/hyperref/nameref.sty
Package: nameref 2010/04/30 v2.40 Cross-referencing by name of section

(/usr/local/texlive/2010/texmf-dist/tex/latex/oberdiek/refcount.sty
Package: refcount 2008/08/11 v3.1 Data extraction from references (HO)
)
(/usr/local/texlive/2010/texmf-dist/tex/generic/oberdiek/gettitlestring.sty
Package: gettitlestring 2009/12/18 v1.3 Cleanup title references (HO)
)
\c@section@level=\count286
)
LaTeX Info: Redefining \ref on input line 110.
LaTeX Info: Redefining \pageref on input line 110.
LaTeX Info: Redefining \nameref on input line 110.

(./mcd601proj.out) (./mcd601proj.out)
\@outlinefile=\write4
\openout4 = `mcd601proj.out'.

\c_siunitx_mathsf_int=\count287
LaTeX Font Info:    Try loading font information for U+msa on input line 110.

(/usr/local/texlive/2010/texmf-dist/tex/latex/amsfonts/umsa.fd
File: umsa.fd 2009/06/22 v3.00 AMS symbols A
)
LaTeX Font Info:    Try loading font information for U+msb on input line 110.

(/usr/local/texlive/2010/texmf-dist/tex/latex/amsfonts/umsb.fd
File: umsb.fd 2009/06/22 v3.00 AMS symbols B
)
\c_siunitx_mathtt_int=\count288

Underfull \hbox (badness 10000) in paragraph at lines 113--116

 []

Package atveryend Info: Empty hook `BeforeClearDocument' on input line 119.
[1

{/usr/local/texlive/2010/texmf-var/fonts/map/pdftex/updmap/pdftex.map}]
Package atveryend Info: Empty hook `AfterLastShipout' on input line 119.

(./mcd601proj.aux)
Package atveryend Info: Executing hook `AtVeryEndDocument' on input line 119.
Package rerunfilecheck Info: File `mcd601proj.out' has not changed.
(rerunfilecheck)             Checksum: D41D8CD98F00B204E9800998ECF8427E;0.
 ) 
Here is how much of TeX's memory you used:
 23604 strings out of 493747
 450008 string characters out of 3143546
 475635 words of memory out of 3000000
 26434 multiletter control sequences out of 15000+200000
 10004 words of font info for 39 fonts, out of 3000000 for 9000
 714 hyphenation exceptions out of 8191
 47i,9n,49p,1295b,819s stack positions out of 5000i,500n,10000p,200000b,50000s
</usr/local/texlive/2010/texmf-dist/fonts/type1/public/amsfonts/cm/cmbx12.pfb
></usr/local/texlive/2010/texmf-dist/fonts/type1/public/amsfonts/cm/cmmi12.pfb>
</usr/local/texlive/2010/texmf-dist/fonts/type1/public/amsfonts/cm/cmr12.pfb>
Output written on mcd601proj.pdf (1 page, 37956 bytes).
PDF statistics:
 28 PDF objects out of 1000 (max. 8388607)
 21 compressed objects within 1 object stream
 2 named destinations out of 1000 (max. 500000)
 13 words of extra memory for PDF output out of 10000 (max. 10000000)

